[RUN] python3 /home/jesse/ngamma/B1_shielding/tools/sweep_recipes.py /home/jesse/ngamma/B1_shielding/tools/web_jobs/00d9e01caad4.json
[INFO] Generated 110 recipes (sum within ±0.0%)
[RECIPE] /home/jesse/ngamma/B1_shielding/macros/recipes/recipe_0001.txt
[RUN] /home/jesse/ngamma/B1_shielding/build/exampleB1 /home/jesse/ngamma/B1_shielding/macros/auto_run_20250924_142525_119103.mac
Traceback (most recent call last):
  File "/home/jesse/ngamma/B1_shielding/tools/sweep_recipes.py", line 131, in <module>
    main()
    ~~~~^^
  File "/home/jesse/ngamma/B1_shielding/tools/sweep_recipes.py", line 126, in main
    rc = run_sim(auto_macro, dry_run)
  File "/home/jesse/ngamma/B1_shielding/tools/sweep_recipes.py", line 92, in run_sim
    proc = subprocess.run([BUILD_EXE, macro_path])
  File "/home/jesse/miniconda3/lib/python3.13/subprocess.py", line 554, in run
    with Popen(*popenargs, **kwargs) as process:
         ~~~~~^^^^^^^^^^^^^^^^^^^^^^
  File "/home/jesse/miniconda3/lib/python3.13/subprocess.py", line 1039, in __init__
    self._execute_child(args, executable, preexec_fn, close_fds,
    ~~~~~~~~~~~~~~~~~~~^^^^^^^^^^^^^^^^^^^^^^^^^^^^^^^^^^^^^^^^^
                        pass_fds, cwd, env,
                        ^^^^^^^^^^^^^^^^^^^
    ...<5 lines>...
                        gid, gids, uid, umask,
                        ^^^^^^^^^^^^^^^^^^^^^^
                        start_new_session, process_group)
                        ^^^^^^^^^^^^^^^^^^^^^^^^^^^^^^^^^
  File "/home/jesse/miniconda3/lib/python3.13/subprocess.py", line 1972, in _execute_child
    raise child_exception_type(errno_num, err_msg, err_filename)
OSError: [Errno 8] Exec format error: '/home/jesse/ngamma/B1_shielding/build/exampleB1'
